15-02-26 03:05:47.000000  mysoswing
EWWW IO version: 222
WP version: 4.1.1
<b>ewww_image_optimizer_admin_init()</b>
<b>ewww_image_optimizer_init()</b>
<b>ewww_image_optimizer_cloud_init()</b>
<b>ewww_image_optimizer_exec_init()</b>
querying 6 records, starting at 0
<b>ewww_image_optimizer_debug_log()</b>
15-02-26 03:05:48.000000  mysoswing
EWWW IO version: 222
WP version: 4.1.1
<b>ewww_image_optimizer_admin_init()</b>
<b>ewww_image_optimizer_init()</b>
<b>ewww_image_optimizer_cloud_init()</b>
<b>ewww_image_optimizer_exec_init()</b>
querying -994 records, starting at 1000
<b>ewww_image_optimizer_debug_log()</b>
15-02-26 03:13:09.000000  mysoswing
EWWW IO version: 222
WP version: 4.1.1
<b>ewww_image_optimizer_admin_init()</b>
<b>ewww_image_optimizer_init()</b>
<b>ewww_image_optimizer_cloud_init()</b>
<b>ewww_image_optimizer_exec_init()</b>
querying 6 records, starting at 0
<b>ewww_image_optimizer_debug_log()</b>
15-02-26 03:13:10.000000  mysoswing
EWWW IO version: 222
WP version: 4.1.1
<b>ewww_image_optimizer_admin_init()</b>
<b>ewww_image_optimizer_init()</b>
<b>ewww_image_optimizer_cloud_init()</b>
<b>ewww_image_optimizer_exec_init()</b>
querying -994 records, starting at 1000
<b>ewww_image_optimizer_debug_log()</b>
